# JRE version: OpenJDK Runtime Environment (8.0_152-b02) (build 1.8.0_152-release-1024-b02)
# Java VM: OpenJDK 64-Bit Server VM (25.152-b02 mixed mode windows-amd64 compressed oops)
Heap:
 PSYoungGen      total 246272K, used 114698K [0x00000000e0000000, 0x00000000f8200000, 0x0000000100000000)
  eden space 238592K, 45% used [0x00000000e0000000,0x00000000e68ec960,0x00000000ee900000)
  from space 7680K, 94% used [0x00000000f7280000,0x00000000f7995f38,0x00000000f7a00000)
  to   space 8192K, 0% used [0x00000000f7a00000,0x00000000f7a00000,0x00000000f8200000)
 ParOldGen       total 90112K, used 68503K [0x00000000a0000000, 0x00000000a5800000, 0x00000000e0000000)
  object space 90112K, 76% used [0x00000000a0000000,0x00000000a42e5c28,0x00000000a5800000)
 Metaspace       used 85293K, capacity 90928K, committed 91264K, reserved 1128448K
  class space    used 10742K, capacity 11862K, committed 11904K, reserved 1048576K
GC Heap History (10 events):
Event: 2220.811 GC heap before
{Heap before GC invocations=50 (full 3):
 PSYoungGen      total 299008K, used 298976K [0x00000000e0000000, 0x00000000f9500000, 0x0000000100000000)
  eden space 294912K, 100% used [0x00000000e0000000,0x00000000f2000000,0x00000000f2000000)
  from space 4096K, 99% used [0x00000000f9100000,0x00000000f94f8030,0x00000000f9500000)
  to   space 8704K, 0% used [0x00000000f8400000,0x00000000f8400000,0x00000000f8c80000)
 ParOldGen       total 90112K, used 54251K [0x00000000a0000000, 0x00000000a5800000, 0x00000000e0000000)
  object space 90112K, 60% used [0x00000000a0000000,0x00000000a34fadc0,0x00000000a5800000)
 Metaspace       used 80712K, capacity 86034K, committed 86272K, reserved 1124352K
  class space    used 10424K, capacity 11408K, committed 11520K, reserved 1048576K
Event: 2220.837 GC heap after
Heap after GC invocations=50 (full 3):
 PSYoungGen      total 291328K, used 8692K [0x00000000e0000000, 0x00000000f9180000, 0x0000000100000000)
  eden space 282624K, 0% used [0x00000000e0000000,0x00000000e0000000,0x00000000f1400000)
  from space 8704K, 99% used [0x00000000f8400000,0x00000000f8c7d3c8,0x00000000f8c80000)
  to   space 5120K, 0% used [0x00000000f8c80000,0x00000000f8c80000,0x00000000f9180000)
 ParOldGen       total 90112K, used 59959K [0x00000000a0000000, 0x00000000a5800000, 0x00000000e0000000)
  object space 90112K, 66% used [0x00000000a0000000,0x00000000a3a8de58,0x00000000a5800000)
 Metaspace       used 80712K, capacity 86034K, committed 86272K, reserved 1124352K
  class space    used 10424K, capacity 11408K, committed 11520K, reserved 1048576K
}
Event: 2223.433 GC heap before
{Heap before GC invocations=51 (full 3):
 PSYoungGen      total 291328K, used 291316K [0x00000000e0000000, 0x00000000f9180000, 0x0000000100000000)
  eden space 282624K, 100% used [0x00000000e0000000,0x00000000f1400000,0x00000000f1400000)
  from space 8704K, 99% used [0x00000000f8400000,0x00000000f8c7d3c8,0x00000000f8c80000)
  to   space 5120K, 0% used [0x00000000f8c80000,0x00000000f8c80000,0x00000000f9180000)
 ParOldGen       total 90112K, used 59959K [0x00000000a0000000, 0x00000000a5800000, 0x00000000e0000000)
  object space 90112K, 66% used [0x00000000a0000000,0x00000000a3a8de58,0x00000000a5800000)
 Metaspace       used 80926K, capacity 86320K, committed 86528K, reserved 1124352K
  class space    used 10437K, capacity 11415K, committed 11520K, reserved 1048576K
Event: 2223.450 GC heap after
Heap after GC invocations=51 (full 3):
 PSYoungGen      total 275968K, used 5104K [0x00000000e0000000, 0x00000000f9180000, 0x0000000100000000)
  eden space 270848K, 0% used [0x00000000e0000000,0x00000000e0000000,0x00000000f0880000)
  from space 5120K, 99% used [0x00000000f8c80000,0x00000000f917c040,0x00000000f9180000)
  to   space 12288K, 0% used [0x00000000f7980000,0x00000000f7980000,0x00000000f8580000)
 ParOldGen       total 90112K, used 64703K [0x00000000a0000000, 0x00000000a5800000, 0x00000000e0000000)
  object space 90112K, 71% used [0x00000000a0000000,0x00000000a3f2ffb0,0x00000000a5800000)
 Metaspace       used 80926K, capacity 86320K, committed 86528K, reserved 1124352K
  class space    used 10437K, capacity 11415K, committed 11520K, reserved 1048576K
}
Event: 2898.214 GC heap before
{Heap before GC invocations=52 (full 3):
 PSYoungGen      total 275968K, used 275952K [0x00000000e0000000, 0x00000000f9180000, 0x0000000100000000)
  eden space 270848K, 100% used [0x00000000e0000000,0x00000000f0880000,0x00000000f0880000)
  from space 5120K, 99% used [0x00000000f8c80000,0x00000000f917c040,0x00000000f9180000)
  to   space 12288K, 0% used [0x00000000f7980000,0x00000000f7980000,0x00000000f8580000)
 ParOldGen       total 90112K, used 64703K [0x00000000a0000000, 0x00000000a5800000, 0x00000000e0000000)
  object space 90112K, 71% used [0x00000000a0000000,0x00000000a3f2ffb0,0x00000000a5800000)
 Metaspace       used 84107K, capacity 89530K, committed 89856K, reserved 1128448K
  class space    used 10702K, capacity 11720K, committed 11776K, reserved 1048576K
Event: 2898.252 GC heap after
Heap after GC invocations=52 (full 3):
 PSYoungGen      total 266752K, used 6966K [0x00000000e0000000, 0x00000000f8d00000, 0x0000000100000000)
  eden space 259584K, 0% used [0x00000000e0000000,0x00000000e0000000,0x00000000efd80000)
  from space 7168K, 97% used [0x00000000f7980000,0x00000000f804db20,0x00000000f8080000)
  to   space 11776K, 0% used [0x00000000f8180000,0x00000000f8180000,0x00000000f8d00000)
 ParOldGen       total 90112K, used 68487K [0x00000000a0000000, 0x00000000a5800000, 0x00000000e0000000)
  object space 90112K, 76% used [0x00000000a0000000,0x00000000a42e1c28,0x00000000a5800000)
 Metaspace       used 84107K, capacity 89530K, committed 89856K, reserved 1128448K
  class space    used 10702K, capacity 11720K, committed 11776K, reserved 1048576K
}
Event: 3113.181 GC heap before
{Heap before GC invocations=53 (full 3):
 PSYoungGen      total 266752K, used 266550K [0x00000000e0000000, 0x00000000f8d00000, 0x0000000100000000)
  eden space 259584K, 100% used [0x00000000e0000000,0x00000000efd80000,0x00000000efd80000)
  from space 7168K, 97% used [0x00000000f7980000,0x00000000f804db20,0x00000000f8080000)
  to   space 11776K, 0% used [0x00000000f8180000,0x00000000f8180000,0x00000000f8d00000)
 ParOldGen       total 90112K, used 68487K [0x00000000a0000000, 0x00000000a5800000, 0x00000000e0000000)
  object space 90112K, 76% used [0x00000000a0000000,0x00000000a42e1c28,0x00000000a5800000)
 Metaspace       used 85068K, capacity 90732K, committed 91008K, reserved 1128448K
  class space    used 10722K, capacity 11822K, committed 11904K, reserved 1048576K
Event: 3113.246 GC heap after
Heap after GC invocations=53 (full 3):
 PSYoungGen      total 257024K, used 8123K [0x00000000e0000000, 0x00000000f8980000, 0x0000000100000000)
  eden space 248832K, 0% used [0x00000000e0000000,0x00000000e0000000,0x00000000ef300000)
  from space 8192K, 99% used [0x00000000f8180000,0x00000000f896eea0,0x00000000f8980000)
  to   space 11776K, 0% used [0x00000000f7280000,0x00000000f7280000,0x00000000f7e00000)
 ParOldGen       total 90112K, used 68495K [0x00000000a0000000, 0x00000000a5800000, 0x00000000e0000000)
  object space 90112K, 76% used [0x00000000a0000000,0x00000000a42e3c28,0x00000000a5800000)
 Metaspace       used 85068K, capacity 90732K, committed 91008K, reserved 1128448K
  class space    used 10722K, capacity 11822K, committed 11904K, reserved 1048576K
}
Event: 4685.699 GC heap before
{Heap before GC invocations=54 (full 3):
 PSYoungGen      total 257024K, used 256495K [0x00000000e0000000, 0x00000000f8980000, 0x0000000100000000)
  eden space 248832K, 99% used [0x00000000e0000000,0x00000000ef28cfe0,0x00000000ef300000)
  from space 8192K, 99% used [0x00000000f8180000,0x00000000f896eea0,0x00000000f8980000)
  to   space 11776K, 0% used [0x00000000f7280000,0x00000000f7280000,0x00000000f7e00000)
 ParOldGen       total 90112K, used 68495K [0x00000000a0000000, 0x00000000a5800000, 0x00000000e0000000)
  object space 90112K, 76% used [0x00000000a0000000,0x00000000a42e3c28,0x00000000a5800000)
 Metaspace       used 85286K, capacity 90920K, committed 91264K, reserved 1128448K
  class space    used 10741K, capacity 11860K, committed 11904K, reserved 1048576K
Event: 4685.721 GC heap after
Heap after GC invocations=54 (full 3):
 PSYoungGen      total 246272K, used 7255K [0x00000000e0000000, 0x00000000f8200000, 0x0000000100000000)
  eden space 238592K, 0% used [0x00000000e0000000,0x00000000e0000000,0x00000000ee900000)
  from space 7680K, 94% used [0x00000000f7280000,0x00000000f7995f38,0x00000000f7a00000)
  to   space 8192K, 0% used [0x00000000f7a00000,0x00000000f7a00000,0x00000000f8200000)
 ParOldGen       total 90112K, used 68503K [0x00000000a0000000, 0x00000000a5800000, 0x00000000e0000000)
  object space 90112K, 76% used [0x00000000a0000000,0x00000000a42e5c28,0x00000000a5800000)
 Metaspace       used 85286K, capacity 90920K, committed 91264K, reserved 1128448K
  class space    used 10741K, capacity 11860K, committed 11904K, reserved 1048576K
}

